#
# A fatal error has been detected by the Java Runtime Environment:
#
#  EXCEPTION_ACCESS_VIOLATION (0xc0000005) at pc=0x000000005f6555bd, pid=27620, tid=18820
#
# JRE version: Java(TM) SE Runtime Environment (10.0.2+13) (build 10.0.2+13)
# Java VM: Java HotSpot(TM) 64-Bit Server VM (10.0.2+13, mixed mode, tiered, compressed oops, g1 gc, windows-amd64)
# Problematic frame:
# V  [jvm.dll+0x3b55bd]
#
# No core dump will be written. Minidumps are not enabled by default on client versions of Windows
#
# If you would like to submit a bug report, please visit:
#   http://bugreport.java.com/bugreport/crash.jsp
#

---------------  S U M M A R Y ------------

Command Line: -Dfile.encoding=Cp1252 principal.Principal auth-2

Host: Intel(R) Core(TM) i5-8250U CPU @ 1.60GHz, 8 cores, 7G,  Windows 10 , 64 bit Build 17763 (10.0.17763.475)
Time: Thu May 16 10:58:03 2019 Horário Padrão de Tocantins elapsed time: 2 seconds (0d 0h 0m 2s)

---------------  T H R E A D  ---------------

Current thread (0x0000027f7f7b2000):  JavaThread "AWT-EventQueue-0" [_thread_in_vm, id=18820, stack(0x000000fe05300000,0x000000fe05400000)]

Stack: [0x000000fe05300000,0x000000fe05400000],  sp=0x000000fe053fb480,  free space=1005k
Native frames: (J=compiled Java code, j=interpreted, Vv=VM code, C=native code)
V  [jvm.dll+0x3b55bd]
C  [otmcjni.dll+0x1ac6]

Java frames: (J=compiled Java code, j=interpreted, Vv=VM code)
j  com.digitalpersona.onetouch.jni.Matcher.verify([B[B)Lcom/digitalpersona/onetouch/jni/VerificationResult;+0
j  com.digitalpersona.onetouch.verification._impl.DPFPVerificationFactoryImpl$VerificationImpl.verify(Lcom/digitalpersona/onetouch/DPFPFeatureSet;Lcom/digitalpersona/onetouch/DPFPTemplate;)Lcom/digitalpersona/onetouch/verification/DPFPVerificationResult;+16
j  principal.AutenticarBio.process(Lcom/digitalpersona/onetouch/DPFPSample;)V+175
j  principal.CaptureForm$3$1.run()V+38
j  java.awt.event.InvocationEvent.dispatch()V+47 java.desktop@10.0.2
j  java.awt.EventQueue.dispatchEventImpl(Ljava/awt/AWTEvent;Ljava/lang/Object;)V+21 java.desktop@10.0.2
j  java.awt.EventQueue.access$600(Ljava/awt/EventQueue;Ljava/awt/AWTEvent;Ljava/lang/Object;)V+3 java.desktop@10.0.2
j  java.awt.EventQueue$4.run()Ljava/lang/Void;+32 java.desktop@10.0.2
j  java.awt.EventQueue$4.run()Ljava/lang/Object;+1 java.desktop@10.0.2
v  ~StubRoutines::call_stub
j  java.security.AccessController.doPrivileged(Ljava/security/PrivilegedAction;Ljava/security/AccessControlContext;)Ljava/lang/Object;+0 java.base@10.0.2
j  java.security.ProtectionDomain$JavaSecurityAccessImpl.doIntersectionPrivilege(Ljava/security/PrivilegedAction;Ljava/security/AccessControlContext;Ljava/security/AccessControlContext;)Ljava/lang/Object;+18 java.base@10.0.2
j  java.awt.EventQueue.dispatchEvent(Ljava/awt/AWTEvent;)V+46 java.desktop@10.0.2
j  java.awt.EventDispatchThread.pumpOneEventForFilters(I)V+78 java.desktop@10.0.2
j  java.awt.EventDispatchThread.pumpEventsForFilter(ILjava/awt/Conditional;Ljava/awt/EventFilter;)V+35 java.desktop@10.0.2
j  java.awt.EventDispatchThread.pumpEventsForFilter(Ljava/awt/Conditional;Ljava/awt/EventFilter;)V+4 java.desktop@10.0.2
j  java.awt.WaitDispatchSupport$2.run()V+59 java.desktop@10.0.2
j  java.awt.event.InvocationEvent.dispatch()V+47 java.desktop@10.0.2
j  java.awt.EventQueue.dispatchEventImpl(Ljava/awt/AWTEvent;Ljava/lang/Object;)V+21 java.desktop@10.0.2
j  java.awt.EventQueue.access$600(Ljava/awt/EventQueue;Ljava/awt/AWTEvent;Ljava/lang/Object;)V+3 java.desktop@10.0.2
j  java.awt.EventQueue$4.run()Ljava/lang/Void;+32 java.desktop@10.0.2
j  java.awt.EventQueue$4.run()Ljava/lang/Object;+1 java.desktop@10.0.2
v  ~StubRoutines::call_stub
j  java.security.AccessController.doPrivileged(Ljava/security/PrivilegedAction;Ljava/security/AccessControlContext;)Ljava/lang/Object;+0 java.base@10.0.2
j  java.security.ProtectionDomain$JavaSecurityAccessImpl.doIntersectionPrivilege(Ljava/security/PrivilegedAction;Ljava/security/AccessControlContext;Ljava/security/AccessControlContext;)Ljava/lang/Object;+18 java.base@10.0.2
j  java.awt.EventQueue.dispatchEvent(Ljava/awt/AWTEvent;)V+46 java.desktop@10.0.2
j  java.awt.EventDispatchThread.pumpOneEventForFilters(I)V+78 java.desktop@10.0.2
j  java.awt.EventDispatchThread.pumpEventsForFilter(ILjava/awt/Conditional;Ljava/awt/EventFilter;)V+35 java.desktop@10.0.2
j  java.awt.EventDispatchThread.pumpEventsForHierarchy(ILjava/awt/Conditional;Ljava/awt/Component;)V+11 java.desktop@10.0.2
j  java.awt.EventDispatchThread.pumpEvents(ILjava/awt/Conditional;)V+4 java.desktop@10.0.2
j  java.awt.EventDispatchThread.pumpEvents(Ljava/awt/Conditional;)V+3 java.desktop@10.0.2
j  java.awt.EventDispatchThread.run()V+9 java.desktop@10.0.2
v  ~StubRoutines::call_stub

siginfo: EXCEPTION_ACCESS_VIOLATION (0xc0000005), reading address 0x0000000000000000


Register to memory mapping:

RIP=0x000000005f6555bd jvm.dll
RAX=0x0000000000000000 is an unknown value
RBX=0x0000000000000000 is an unknown value
RCX=0x0000027f6dd31000 is an unknown value
RDX=0x0000000000000006 is an unknown value
RSP=0x000000fe053fb480 is pointing into the stack for thread: 0x0000027f7f7b2000
RBP=0x000000fe053fb628 is pointing into the stack for thread: 0x0000027f7f7b2000
RSI=0x000000fe053fb648 is pointing into the stack for thread: 0x0000027f7f7b2000
RDI=0x0000027f7f7b2000 is a thread
R8 =0x0000000000000004 is an unknown value
R9 =0x00007ffa23930000 msvcr120.dll
R10=0x000000fe053fb530 is pointing into the stack for thread: 0x0000027f7f7b2000
R11=0x000000fe053fb530 is pointing into the stack for thread: 0x0000027f7f7b2000
R12=0x0000000000000000 is an unknown value
R13=0x0000000000000000 is an unknown value
R14=0x000000fe053fb658 is pointing into the stack for thread: 0x0000027f7f7b2000
R15=0x0000027f7f7b2000 is a thread


Registers:
RAX=0x0000000000000000, RBX=0x0000000000000000, RCX=0x0000027f6dd31000, RDX=0x0000000000000006
RSP=0x000000fe053fb480, RBP=0x000000fe053fb628, RSI=0x000000fe053fb648, RDI=0x0000027f7f7b2000
R8 =0x0000000000000004, R9 =0x00007ffa23930000, R10=0x000000fe053fb530, R11=0x000000fe053fb530
R12=0x0000000000000000, R13=0x0000000000000000, R14=0x000000fe053fb658, R15=0x0000027f7f7b2000
RIP=0x000000005f6555bd, EFLAGS=0x0000000000010246

Top of Stack: (sp=0x000000fe053fb480)
0x000000fe053fb480:   0000027f7f7b2070 0000000000000000
0x000000fe053fb490:   0000000000000000 000000fe053fb658
0x000000fe053fb4a0:   0000027f137429e8 0000000010001ac6
0x000000fe053fb4b0:   0000027f7f7b2270 000000fe053fb628
0x000000fe053fb4c0:   000000fe053fb648 000000fe053fb658
0x000000fe053fb4d0:   000000fe053fb530 000000005f818eae
0x000000fe053fb4e0:   000000fe053fb570 000000005f815957
0x000000fe053fb4f0:   000000fe053fb658 000000005f414787
0x000000fe053fb500:   0000027f131a1570 0000027f7fd7d720
0x000000fe053fb510:   0000027f7fd7d720 0000000000000000
0x000000fe053fb520:   000000fe053fbc78 000000005f6046e3
0x000000fe053fb530:   0000027f156f0c70 fffffffffffffffe
0x000000fe053fb540:   3ff0000000000000 000000005f414787
0x000000fe053fb550:   0000027f7fd7d720 0000027f7f7b2000
0x000000fe053fb560:   0000027f7f7b2000 000000fe053fb658
0x000000fe053fb570:   0000027f7fd7d718 0000000000000000 

Instructions: (pc=0x000000005f6555bd)
0x000000005f65559d:   ff ba 06 00 00 00 48 8b cf e8 35 7f d7 ff f6 c3
0x000000005f6555ad:   01 74 0d 48 8b cb e8 d8 2f 02 00 48 8b c8 eb 03
0x000000005f6555bd:   48 8b 0b 80 3d be 59 5e 00 00 41 b8 0c 00 00 00
0x000000005f6555cd:   b8 10 00 00 00 41 0f 45 c0 41 8d 50 fa 48 98 44 



---------------  P R O C E S S  ---------------

Threads class SMR info:
_java_thread_list=0x0000027f1458aed0, length=19, elements={
0x0000027f6ff6f800, 0x0000027f7ec43000, 0x0000027f7ec4c000, 0x0000027f7ec57800,
0x0000027f7ec58000, 0x0000027f7f5b6800, 0x0000027f7f5b9000, 0x0000027f7f5bd000,
0x0000027f7f5be000, 0x0000027f7f5da800, 0x0000027f7f7b7800, 0x0000027f7f7b6000,
0x0000027f7f7b4800, 0x0000027f7f7b9000, 0x0000027f7f7b5000, 0x0000027f7f7b2000,
0x0000027f7f7b8000, 0x0000027f7f7b3800, 0x0000027f7f7b6800
}

Java Threads: ( => current thread )
  0x0000027f6ff6f800 JavaThread "main" [_thread_blocked, id=28372, stack(0x000000fe02e00000,0x000000fe02f00000)]
  0x0000027f7ec43000 JavaThread "Reference Handler" daemon [_thread_blocked, id=28564, stack(0x000000fe04400000,0x000000fe04500000)]
  0x0000027f7ec4c000 JavaThread "Finalizer" daemon [_thread_blocked, id=28560, stack(0x000000fe04500000,0x000000fe04600000)]
  0x0000027f7ec57800 JavaThread "Signal Dispatcher" daemon [_thread_blocked, id=28556, stack(0x000000fe04600000,0x000000fe04700000)]
  0x0000027f7ec58000 JavaThread "Attach Listener" daemon [_thread_blocked, id=24596, stack(0x000000fe04700000,0x000000fe04800000)]
  0x0000027f7f5b6800 JavaThread "C2 CompilerThread0" daemon [_thread_blocked, id=28532, stack(0x000000fe04800000,0x000000fe04900000)]
  0x0000027f7f5b9000 JavaThread "C2 CompilerThread1" daemon [_thread_blocked, id=28524, stack(0x000000fe04900000,0x000000fe04a00000)]
  0x0000027f7f5bd000 JavaThread "C2 CompilerThread2" daemon [_thread_blocked, id=28092, stack(0x000000fe04a00000,0x000000fe04b00000)]
  0x0000027f7f5be000 JavaThread "C1 CompilerThread3" daemon [_thread_blocked, id=28520, stack(0x000000fe04b00000,0x000000fe04c00000)]
  0x0000027f7f5da800 JavaThread "Sweeper thread" daemon [_thread_blocked, id=28528, stack(0x000000fe04c00000,0x000000fe04d00000)]
  0x0000027f7f7b7800 JavaThread "Service Thread" daemon [_thread_blocked, id=23696, stack(0x000000fe04d00000,0x000000fe04e00000)]
  0x0000027f7f7b6000 JavaThread "Common-Cleaner" daemon [_thread_blocked, id=27884, stack(0x000000fe04e00000,0x000000fe04f00000)]
  0x0000027f7f7b4800 JavaThread "Java2D Disposer" daemon [_thread_blocked, id=26384, stack(0x000000fe05000000,0x000000fe05100000)]
  0x0000027f7f7b9000 JavaThread "AWT-Shutdown" [_thread_blocked, id=10892, stack(0x000000fe05100000,0x000000fe05200000)]
  0x0000027f7f7b5000 JavaThread "AWT-Windows" daemon [_thread_in_native, id=25672, stack(0x000000fe05200000,0x000000fe05300000)]
=>0x0000027f7f7b2000 JavaThread "AWT-EventQueue-0" [_thread_in_vm, id=18820, stack(0x000000fe05300000,0x000000fe05400000)]
  0x0000027f7f7b8000 JavaThread "TimerQueue" daemon [_thread_blocked, id=27640, stack(0x000000fe05700000,0x000000fe05800000)]
  0x0000027f7f7b3800 JavaThread "DPFP JNI" [_thread_in_native, id=28628, stack(0x000000fe05a00000,0x000000fe05b00000)]
  0x0000027f7f7b6800 JavaThread "Abandoned connection cleanup thread" daemon [_thread_blocked, id=28612, stack(0x000000fe05b00000,0x000000fe05c00000)]

Other Threads:
  0x0000027f7ec3b800 VMThread "VM Thread" [stack: 0x000000fe04300000,0x000000fe04400000] [id=27860]
  0x0000027f7f7c1800 WatcherThread [stack: 0x000000fe04f00000,0x000000fe05000000] [id=28048]
  0x0000027f6ff8a800 GCTaskThread "GC Thread#0" [stack: 0x000000fe02f00000,0x000000fe03000000] [id=28472]
  0x0000027f6ff8c000 GCTaskThread "GC Thread#1" [stack: 0x000000fe03000000,0x000000fe03100000] [id=28468]
  0x0000027f6ff8e800 GCTaskThread "GC Thread#2" [stack: 0x000000fe03100000,0x000000fe03200000] [id=28464]
  0x0000027f6ff90800 GCTaskThread "GC Thread#3" [stack: 0x000000fe03200000,0x000000fe03300000] [id=28460]
  0x0000027f6ff92800 GCTaskThread "GC Thread#4" [stack: 0x000000fe03300000,0x000000fe03400000] [id=17200]
  0x0000027f6ff9f000 GCTaskThread "GC Thread#5" [stack: 0x000000fe03400000,0x000000fe03500000] [id=25324]
  0x0000027f6ffa2800 GCTaskThread "GC Thread#6" [stack: 0x000000fe03500000,0x000000fe03600000] [id=28492]
  0x0000027f6ffa7000 GCTaskThread "GC Thread#7" [stack: 0x000000fe03600000,0x000000fe03700000] [id=28488]
  0x0000027f70013000 ConcurrentGCThread "G1 Main Marker" [stack: 0x000000fe03700000,0x000000fe03800000] [id=28484]
  0x0000027f70019800 ConcurrentGCThread "G1 Conc#0" [stack: 0x000000fe03800000,0x000000fe03900000] [id=18312]
  0x0000027f70014000 ConcurrentGCThread "G1 Conc#1" [stack: 0x000000fe03900000,0x000000fe03a00000] [id=24804]
  0x0000027f7eaaf800 ConcurrentGCThread "G1 Refine#0" [stack: 0x000000fe03a00000,0x000000fe03b00000] [id=4440]
  0x0000027f7eab0800 ConcurrentGCThread "G1 Refine#1" [stack: 0x000000fe03b00000,0x000000fe03c00000] [id=28420]
  0x0000027f7eab2000 ConcurrentGCThread "G1 Refine#2" [stack: 0x000000fe03c00000,0x000000fe03d00000] [id=28424]
  0x0000027f7eab3000 ConcurrentGCThread "G1 Refine#3" [stack: 0x000000fe03d00000,0x000000fe03e00000] [id=11544]
  0x0000027f7eac6800 ConcurrentGCThread "G1 Refine#4" [stack: 0x000000fe03e00000,0x000000fe03f00000] [id=26060]
  0x0000027f7eac8800 ConcurrentGCThread "G1 Refine#5" [stack: 0x000000fe03f00000,0x000000fe04000000] [id=9528]
  0x0000027f7eacb000 ConcurrentGCThread "G1 Refine#6" [stack: 0x000000fe04000000,0x000000fe04100000] [id=28504]
  0x0000027f7eacc000 ConcurrentGCThread "G1 Refine#7" [stack: 0x000000fe04100000,0x000000fe04200000] [id=28036]
  0x0000027f7eacc800 ConcurrentGCThread "G1 Young RemSet Sampling" [stack: 0x000000fe04200000,0x000000fe04300000] [id=3992]

Threads with active compile tasks:

VM state:not at safepoint (normal execution)

VM Mutex/Monitor currently owned by a thread: None

Heap address: 0x0000000081400000, size: 2028 MB, Compressed Oops mode: 32-bit
Narrow klass base: 0x0000000000000000, Narrow klass shift: 3
Compressed class space size: 1073741824 Address: 0x0000000100000000

Heap:
 garbage-first heap   total 131072K, used 9744K [0x0000000081400000, 0x0000000100000000)
  region size 1024K, 8 young (8192K), 3 survivors (3072K)
 Metaspace       used 19930K, capacity 20392K, committed 20608K, reserved 1067008K
  class space    used 2085K, capacity 2321K, committed 2432K, reserved 1048576K
Heap Regions: E=young(eden), S=young(survivor), O=old, HS=humongous(starts), HC=humongous(continues), CS=collection set, F=free, A=archive, TS=gc time stamp, AC=allocation context, TAMS=top-at-mark-start (previous, next)
|   0|0x0000000081400000, 0x0000000081500000, 0x0000000081500000|100%|HS|  |TS  0|AC  0|TAMS 0x0000000081400000, 0x0000000081400000|
|   1|0x0000000081500000, 0x0000000081600000, 0x0000000081600000|100%| O|  |TS  1|AC  0|TAMS 0x0000000081500000, 0x0000000081500000|
|   2|0x0000000081600000, 0x0000000081684200, 0x0000000081700000| 51%| O|  |TS  1|AC  0|TAMS 0x0000000081600000, 0x0000000081600000|
|   3|0x0000000081700000, 0x0000000081700000, 0x0000000081800000|  0%| F|  |TS  0|AC  0|TAMS 0x0000000081700000, 0x0000000081700000|
|   4|0x0000000081800000, 0x0000000081800000, 0x0000000081900000|  0%| F|  |TS  0|AC  0|TAMS 0x0000000081800000, 0x0000000081800000|
|   5|0x0000000081900000, 0x0000000081900000, 0x0000000081a00000|  0%| F|  |TS  0|AC  0|TAMS 0x0000000081900000, 0x0000000081900000|
|   6|0x0000000081a00000, 0x0000000081a00000, 0x0000000081b00000|  0%| F|  |TS  0|AC  0|TAMS 0x0000000081a00000, 0x0000000081a00000|
|   7|0x0000000081b00000, 0x0000000081b00000, 0x0000000081c00000|  0%| F|  |TS  0|AC  0|TAMS 0x0000000081b00000, 0x0000000081b00000|
|   8|0x0000000081c00000, 0x0000000081c00000, 0x0000000081d00000|  0%| F|  |TS  0|AC  0|TAMS 0x0000000081c00000, 0x0000000081c00000|
|   9|0x0000000081d00000, 0x0000000081d00000, 0x0000000081e00000|  0%| F|  |TS  0|AC  0|TAMS 0x0000000081d00000, 0x0000000081d00000|
|  10|0x0000000081e00000, 0x0000000081e00000, 0x0000000081f00000|  0%| F|  |TS  0|AC  0|TAMS 0x0000000081e00000, 0x0000000081e00000|
|  11|0x0000000081f00000, 0x0000000081f00000, 0x0000000082000000|  0%| F|  |TS  0|AC  0|TAMS 0x0000000081f00000, 0x0000000081f00000|
|  12|0x0000000082000000, 0x0000000082000000, 0x0000000082100000|  0%| F|  |TS  0|AC  0|TAMS 0x0000000082000000, 0x0000000082000000|
|  13|0x0000000082100000, 0x0000000082100000, 0x0000000082200000|  0%| F|  |TS  0|AC  0|TAMS 0x0000000082100000, 0x0000000082100000|
|  14|0x0000000082200000, 0x0000000082200000, 0x0000000082300000|  0%| F|  |TS  0|AC  0|TAMS 0x0000000082200000, 0x0000000082200000|
|  15|0x0000000082300000, 0x0000000082300000, 0x0000000082400000|  0%| F|  |TS  0|AC  0|TAMS 0x0000000082300000, 0x0000000082300000|
|  16|0x0000000082400000, 0x0000000082400000, 0x0000000082500000|  0%| F|  |TS  0|AC  0|TAMS 0x0000000082400000, 0x0000000082400000|
|  17|0x0000000082500000, 0x0000000082500000, 0x0000000082600000|  0%| F|  |TS  0|AC  0|TAMS 0x0000000082500000, 0x0000000082500000|
|  18|0x0000000082600000, 0x0000000082600000, 0x0000000082700000|  0%| F|  |TS  0|AC  0|TAMS 0x0000000082600000, 0x0000000082600000|
|  19|0x0000000082700000, 0x0000000082700000, 0x0000000082800000|  0%| F|  |TS  0|AC  0|TAMS 0x0000000082700000, 0x0000000082700000|
|  20|0x0000000082800000, 0x0000000082800000, 0x0000000082900000|  0%| F|  |TS  0|AC  0|TAMS 0x0000000082800000, 0x0000000082800000|
|  21|0x0000000082900000, 0x0000000082900000, 0x0000000082a00000|  0%| F|  |TS  0|AC  0|TAMS 0x0000000082900000, 0x0000000082900000|
|  22|0x0000000082a00000, 0x0000000082a00000, 0x0000000082b00000|  0%| F|  |TS  0|AC  0|TAMS 0x0000000082a00000, 0x0000000082a00000|
|  23|0x0000000082b00000, 0x0000000082b00000, 0x0000000082c00000|  0%| F|  |TS  0|AC  0|TAMS 0x0000000082b00000, 0x0000000082b00000|
|  24|0x0000000082c00000, 0x0000000082c00000, 0x0000000082d00000|  0%| F|  |TS  0|AC  0|TAMS 0x0000000082c00000, 0x0000000082c00000|
|  25|0x0000000082d00000, 0x0000000082d00000, 0x0000000082e00000|  0%| F|  |TS  0|AC  0|TAMS 0x0000000082d00000, 0x0000000082d00000|
|  26|0x0000000082e00000, 0x0000000082e00000, 0x0000000082f00000|  0%| F|  |TS  0|AC  0|TAMS 0x0000000082e00000, 0x0000000082e00000|
|  27|0x0000000082f00000, 0x0000000082f00000, 0x0000000083000000|  0%| F|  |TS  0|AC  0|TAMS 0x0000000082f00000, 0x0000000082f00000|
|  28|0x0000000083000000, 0x0000000083000000, 0x0000000083100000|  0%| F|  |TS  0|AC  0|TAMS 0x0000000083000000, 0x0000000083000000|
|  29|0x0000000083100000, 0x0000000083100000, 0x0000000083200000|  0%| F|  |TS  0|AC  0|TAMS 0x0000000083100000, 0x0000000083100000|
|  30|0x0000000083200000, 0x0000000083200000, 0x0000000083300000|  0%| F|  |TS  0|AC  0|TAMS 0x0000000083200000, 0x0000000083200000|
|  31|0x0000000083300000, 0x0000000083300000, 0x0000000083400000|  0%| F|  |TS  0|AC  0|TAMS 0x0000000083300000, 0x0000000083300000|
|  32|0x0000000083400000, 0x0000000083400000, 0x0000000083500000|  0%| F|  |TS  0|AC  0|TAMS 0x0000000083400000, 0x0000000083400000|
|  33|0x0000000083500000, 0x0000000083500000, 0x0000000083600000|  0%| F|  |TS  0|AC  0|TAMS 0x0000000083500000, 0x0000000083500000|
|  34|0x0000000083600000, 0x0000000083600000, 0x0000000083700000|  0%| F|  |TS  0|AC  0|TAMS 0x0000000083600000, 0x0000000083600000|
|  35|0x0000000083700000, 0x0000000083700000, 0x0000000083800000|  0%| F|  |TS  0|AC  0|TAMS 0x0000000083700000, 0x0000000083700000|
|  36|0x0000000083800000, 0x0000000083800000, 0x0000000083900000|  0%| F|  |TS  0|AC  0|TAMS 0x0000000083800000, 0x0000000083800000|
|  37|0x0000000083900000, 0x0000000083900000, 0x0000000083a00000|  0%| F|  |TS  0|AC  0|TAMS 0x0000000083900000, 0x0000000083900000|
|  38|0x0000000083a00000, 0x0000000083a00000, 0x0000000083b00000|  0%| F|  |TS  0|AC  0|TAMS 0x0000000083a00000, 0x0000000083a00000|
|  39|0x0000000083b00000, 0x0000000083b00000, 0x0000000083c00000|  0%| F|  |TS  0|AC  0|TAMS 0x0000000083b00000, 0x0000000083b00000|
|  40|0x0000000083c00000, 0x0000000083c00000, 0x0000000083d00000|  0%| F|  |TS  0|AC  0|TAMS 0x0000000083c00000, 0x0000000083c00000|
|  41|0x0000000083d00000, 0x0000000083d00000, 0x0000000083e00000|  0%| F|  |TS  0|AC  0|TAMS 0x0000000083d00000, 0x0000000083d00000|
|  42|0x0000000083e00000, 0x0000000083e00000, 0x0000000083f00000|  0%| F|  |TS  0|AC  0|TAMS 0x0000000083e00000, 0x0000000083e00000|
|  43|0x0000000083f00000, 0x0000000083f00000, 0x0000000084000000|  0%| F|  |TS  0|AC  0|TAMS 0x0000000083f00000, 0x0000000083f00000|
|  44|0x0000000084000000, 0x0000000084000000, 0x0000000084100000|  0%| F|  |TS  0|AC  0|TAMS 0x0000000084000000, 0x0000000084000000|
|  45|0x0000000084100000, 0x0000000084100000, 0x0000000084200000|  0%| F|  |TS  0|AC  0|TAMS 0x0000000084100000, 0x0000000084100000|
|  46|0x0000000084200000, 0x0000000084200000, 0x0000000084300000|  0%| F|  |TS  0|AC  0|TAMS 0x0000000084200000, 0x0000000084200000|
|  47|0x0000000084300000, 0x0000000084300000, 0x0000000084400000|  0%| F|  |TS  0|AC  0|TAMS 0x0000000084300000, 0x0000000084300000|
|  48|0x0000000084400000, 0x0000000084400000, 0x0000000084500000|  0%| F|  |TS  0|AC  0|TAMS 0x0000000084400000, 0x0000000084400000|
|  49|0x0000000084500000, 0x0000000084500000, 0x0000000084600000|  0%| F|  |TS  0|AC  0|TAMS 0x0000000084500000, 0x0000000084500000|
|  50|0x0000000084600000, 0x0000000084600000, 0x0000000084700000|  0%| F|  |TS  0|AC  0|TAMS 0x0000000084600000, 0x0000000084600000|
|  51|0x0000000084700000, 0x0000000084700000, 0x0000000084800000|  0%| F|  |TS  0|AC  0|TAMS 0x0000000084700000, 0x0000000084700000|
|  52|0x0000000084800000, 0x0000000084800000, 0x0000000084900000|  0%| F|  |TS  0|AC  0|TAMS 0x0000000084800000, 0x0000000084800000|
|  53|0x0000000084900000, 0x0000000084900000, 0x0000000084a00000|  0%| F|  |TS  0|AC  0|TAMS 0x0000000084900000, 0x0000000084900000|
|  54|0x0000000084a00000, 0x0000000084a00000, 0x0000000084b00000|  0%| F|  |TS  0|AC  0|TAMS 0x0000000084a00000, 0x0000000084a00000|
|  55|0x0000000084b00000, 0x0000000084b00000, 0x0000000084c00000|  0%| F|  |TS  0|AC  0|TAMS 0x0000000084b00000, 0x0000000084b00000|
|  56|0x0000000084c00000, 0x0000000084c00000, 0x0000000084d00000|  0%| F|  |TS  0|AC  0|TAMS 0x0000000084c00000, 0x0000000084c00000|
|  57|0x0000000084d00000, 0x0000000084d00000, 0x0000000084e00000|  0%| F|  |TS  0|AC  0|TAMS 0x0000000084d00000, 0x0000000084d00000|
|  58|0x0000000084e00000, 0x0000000084e00000, 0x0000000084f00000|  0%| F|  |TS  0|AC  0|TAMS 0x0000000084e00000, 0x0000000084e00000|
|  59|0x0000000084f00000, 0x0000000084f00000, 0x0000000085000000|  0%| F|  |TS  0|AC  0|TAMS 0x0000000084f00000, 0x0000000084f00000|
|  60|0x0000000085000000, 0x0000000085000000, 0x0000000085100000|  0%| F|  |TS  0|AC  0|TAMS 0x0000000085000000, 0x0000000085000000|
|  61|0x0000000085100000, 0x0000000085100000, 0x0000000085200000|  0%| F|  |TS  0|AC  0|TAMS 0x0000000085100000, 0x0000000085100000|
|  62|0x0000000085200000, 0x0000000085200000, 0x0000000085300000|  0%| F|  |TS  0|AC  0|TAMS 0x0000000085200000, 0x0000000085200000|
|  63|0x0000000085300000, 0x0000000085300000, 0x0000000085400000|  0%| F|  |TS  0|AC  0|TAMS 0x0000000085300000, 0x0000000085300000|
|  64|0x0000000085400000, 0x0000000085400000, 0x0000000085500000|  0%| F|  |TS  0|AC  0|TAMS 0x0000000085400000, 0x0000000085400000|
|  65|0x0000000085500000, 0x0000000085500000, 0x0000000085600000|  0%| F|  |TS  0|AC  0|TAMS 0x0000000085500000, 0x0000000085500000|
|  66|0x0000000085600000, 0x0000000085600000, 0x0000000085700000|  0%| F|  |TS  0|AC  0|TAMS 0x0000000085600000, 0x0000000085600000|
|  67|0x0000000085700000, 0x0000000085700000, 0x0000000085800000|  0%| F|  |TS  0|AC  0|TAMS 0x0000000085700000, 0x0000000085700000|
|  68|0x0000000085800000, 0x0000000085800000, 0x0000000085900000|  0%| F|  |TS  0|AC  0|TAMS 0x0000000085800000, 0x0000000085800000|
|  69|0x0000000085900000, 0x0000000085900000, 0x0000000085a00000|  0%| F|  |TS  0|AC  0|TAMS 0x0000000085900000, 0x0000000085900000|
|  70|0x0000000085a00000, 0x0000000085a00000, 0x0000000085b00000|  0%| F|  |TS  0|AC  0|TAMS 0x0000000085a00000, 0x0000000085a00000|
|  71|0x0000000085b00000, 0x0000000085b00000, 0x0000000085c00000|  0%| F|  |TS  0|AC  0|TAMS 0x0000000085b00000, 0x0000000085b00000|
|  72|0x0000000085c00000, 0x0000000085c00000, 0x0000000085d00000|  0%| F|  |TS  0|AC  0|TAMS 0x0000000085c00000, 0x0000000085c00000|
|  73|0x0000000085d00000, 0x0000000085d00000, 0x0000000085e00000|  0%| F|  |TS  0|AC  0|TAMS 0x0000000085d00000, 0x0000000085d00000|
|  74|0x0000000085e00000, 0x0000000085e00000, 0x0000000085f00000|  0%| F|  |TS  0|AC  0|TAMS 0x0000000085e00000, 0x0000000085e00000|
|  75|0x0000000085f00000, 0x0000000085f00000, 0x0000000086000000|  0%| F|  |TS  0|AC  0|TAMS 0x0000000085f00000, 0x0000000085f00000|
|  76|0x0000000086000000, 0x0000000086000000, 0x0000000086100000|  0%| F|  |TS  0|AC  0|TAMS 0x0000000086000000, 0x0000000086000000|
|  77|0x0000000086100000, 0x0000000086100000, 0x0000000086200000|  0%| F|  |TS  0|AC  0|TAMS 0x0000000086100000, 0x0000000086100000|
|  78|0x0000000086200000, 0x0000000086200000, 0x0000000086300000|  0%| F|  |TS  0|AC  0|TAMS 0x0000000086200000, 0x0000000086200000|
|  79|0x0000000086300000, 0x0000000086300000, 0x0000000086400000|  0%| F|  |TS  0|AC  0|TAMS 0x0000000086300000, 0x0000000086300000|
|  80|0x0000000086400000, 0x0000000086400000, 0x0000000086500000|  0%| F|  |TS  0|AC  0|TAMS 0x0000000086400000, 0x0000000086400000|
|  81|0x0000000086500000, 0x0000000086500000, 0x0000000086600000|  0%| F|  |TS  0|AC  0|TAMS 0x0000000086500000, 0x0000000086500000|
|  82|0x0000000086600000, 0x0000000086600000, 0x0000000086700000|  0%| F|  |TS  0|AC  0|TAMS 0x0000000086600000, 0x0000000086600000|
|  83|0x0000000086700000, 0x0000000086700000, 0x0000000086800000|  0%| F|  |TS  0|AC  0|TAMS 0x0000000086700000, 0x0000000086700000|
|  84|0x0000000086800000, 0x0000000086800000, 0x0000000086900000|  0%| F|  |TS  0|AC  0|TAMS 0x0000000086800000, 0x0000000086800000|
|  85|0x0000000086900000, 0x0000000086900000, 0x0000000086a00000|  0%| F|  |TS  0|AC  0|TAMS 0x0000000086900000, 0x0000000086900000|
|  86|0x0000000086a00000, 0x0000000086a00000, 0x0000000086b00000|  0%| F|  |TS  0|AC  0|TAMS 0x0000000086a00000, 0x0000000086a00000|
|  87|0x0000000086b00000, 0x0000000086b00000, 0x0000000086c00000|  0%| F|  |TS  0|AC  0|TAMS 0x0000000086b00000, 0x0000000086b00000|
|  88|0x0000000086c00000, 0x0000000086c00000, 0x0000000086d00000|  0%| F|  |TS  0|AC  0|TAMS 0x0000000086c00000, 0x0000000086c00000|
|  89|0x0000000086d00000, 0x0000000086d00000, 0x0000000086e00000|  0%| F|  |TS  0|AC  0|TAMS 0x0000000086d00000, 0x0000000086d00000|
|  90|0x0000000086e00000, 0x0000000086e00000, 0x0000000086f00000|  0%| F|  |TS  0|AC  0|TAMS 0x0000000086e00000, 0x0000000086e00000|
|  91|0x0000000086f00000, 0x0000000086f00000, 0x0000000087000000|  0%| F|  |TS  0|AC  0|TAMS 0x0000000086f00000, 0x0000000086f00000|
|  92|0x0000000087000000, 0x0000000087000000, 0x0000000087100000|  0%| F|  |TS  0|AC  0|TAMS 0x0000000087000000, 0x0000000087000000|
|  93|0x0000000087100000, 0x0000000087100000, 0x0000000087200000|  0%| F|  |TS  0|AC  0|TAMS 0x0000000087100000, 0x0000000087100000|
|  94|0x0000000087200000, 0x0000000087200000, 0x0000000087300000|  0%| F|  |TS  0|AC  0|TAMS 0x0000000087200000, 0x0000000087200000|
|  95|0x0000000087300000, 0x0000000087300000, 0x0000000087400000|  0%| F|  |TS  0|AC  0|TAMS 0x0000000087300000, 0x0000000087300000|
|  96|0x0000000087400000, 0x0000000087400000, 0x0000000087500000|  0%| F|  |TS  0|AC  0|TAMS 0x0000000087400000, 0x0000000087400000|
|  97|0x0000000087500000, 0x0000000087500000, 0x0000000087600000|  0%| F|  |TS  0|AC  0|TAMS 0x0000000087500000, 0x0000000087500000|
|  98|0x0000000087600000, 0x0000000087600000, 0x0000000087700000|  0%| F|  |TS  0|AC  0|TAMS 0x0000000087600000, 0x0000000087600000|
|  99|0x0000000087700000, 0x0000000087700000, 0x0000000087800000|  0%| F|  |TS  0|AC  0|TAMS 0x0000000087700000, 0x0000000087700000|
| 100|0x0000000087800000, 0x0000000087800000, 0x0000000087900000|  0%| F|  |TS  0|AC  0|TAMS 0x0000000087800000, 0x0000000087800000|
| 101|0x0000000087900000, 0x0000000087a00000, 0x0000000087a00000|100%| S|CS|TS  1|AC  0|TAMS 0x0000000087900000, 0x0000000087900000|
| 102|0x0000000087a00000, 0x0000000087b00000, 0x0000000087b00000|100%| S|CS|TS  1|AC  0|TAMS 0x0000000087a00000, 0x0000000087a00000|
| 103|0x0000000087b00000, 0x0000000087c00000, 0x0000000087c00000|100%| S|CS|TS  1|AC  0|TAMS 0x0000000087b00000, 0x0000000087b00000|
| 104|0x0000000087c00000, 0x0000000087c00000, 0x0000000087d00000|  0%| F|  |TS  1|AC  0|TAMS 0x0000000087c00000, 0x0000000087c00000|
| 105|0x0000000087d00000, 0x0000000087d00000, 0x0000000087e00000|  0%| F|  |TS  1|AC  0|TAMS 0x0000000087d00000, 0x0000000087d00000|
| 106|0x0000000087e00000, 0x0000000087e00000, 0x0000000087f00000|  0%| F|  |TS  1|AC  0|TAMS 0x0000000087e00000, 0x0000000087e00000|
| 107|0x0000000087f00000, 0x0000000087f00000, 0x0000000088000000|  0%| F|  |TS  1|AC  0|TAMS 0x0000000087f00000, 0x0000000087f00000|
| 108|0x0000000088000000, 0x0000000088000000, 0x0000000088100000|  0%| F|  |TS  1|AC  0|TAMS 0x0000000088000000, 0x0000000088000000|
| 109|0x0000000088100000, 0x0000000088100000, 0x0000000088200000|  0%| F|  |TS  1|AC  0|TAMS 0x0000000088100000, 0x0000000088100000|
| 110|0x0000000088200000, 0x0000000088200000, 0x0000000088300000|  0%| F|  |TS  1|AC  0|TAMS 0x0000000088200000, 0x0000000088200000|
| 111|0x0000000088300000, 0x0000000088300000, 0x0000000088400000|  0%| F|  |TS  1|AC  0|TAMS 0x0000000088300000, 0x0000000088300000|
| 112|0x0000000088400000, 0x0000000088400000, 0x0000000088500000|  0%| F|  |TS  1|AC  0|TAMS 0x0000000088400000, 0x0000000088400000|
| 113|0x0000000088500000, 0x0000000088500000, 0x0000000088600000|  0%| F|  |TS  1|AC  0|TAMS 0x0000000088500000, 0x0000000088500000|
| 114|0x0000000088600000, 0x0000000088600000, 0x0000000088700000|  0%| F|  |TS  1|AC  0|TAMS 0x0000000088600000, 0x0000000088600000|
| 115|0x0000000088700000, 0x0000000088700000, 0x0000000088800000|  0%| F|  |TS  1|AC  0|TAMS 0x0000000088700000, 0x0000000088700000|
| 116|0x0000000088800000, 0x0000000088800000, 0x0000000088900000|  0%| F|  |TS  1|AC  0|TAMS 0x0000000088800000, 0x0000000088800000|
| 117|0x0000000088900000, 0x0000000088900000, 0x0000000088a00000|  0%| F|  |TS  1|AC  0|TAMS 0x0000000088900000, 0x0000000088900000|
| 118|0x0000000088a00000, 0x0000000088a00000, 0x0000000088b00000|  0%| F|  |TS  1|AC  0|TAMS 0x0000000088a00000, 0x0000000088a00000|
| 119|0x0000000088b00000, 0x0000000088b00000, 0x0000000088c00000|  0%| F|  |TS  1|AC  0|TAMS 0x0000000088b00000, 0x0000000088b00000|
| 120|0x0000000088c00000, 0x0000000088c00000, 0x0000000088d00000|  0%| F|  |TS  1|AC  0|TAMS 0x0000000088c00000, 0x0000000088c00000|
| 121|0x0000000088d00000, 0x0000000088d00000, 0x0000000088e00000|  0%| F|  |TS  1|AC  0|TAMS 0x0000000088d00000, 0x0000000088d00000|
| 122|0x0000000088e00000, 0x0000000088e00000, 0x0000000088f00000|  0%| F|  |TS  1|AC  0|TAMS 0x0000000088e00000, 0x0000000088e00000|
| 123|0x0000000088f00000, 0x0000000088f80800, 0x0000000089000000| 50%| E|  |TS  1|AC  0|TAMS 0x0000000088f00000, 0x0000000088f00000|
| 124|0x0000000089000000, 0x0000000089100000, 0x0000000089100000|100%| E|CS|TS  1|AC  0|TAMS 0x0000000089000000, 0x0000000089000000|
| 125|0x0000000089100000, 0x0000000089200000, 0x0000000089200000|100%| E|CS|TS  1|AC  0|TAMS 0x0000000089100000, 0x0000000089100000|
| 126|0x0000000089200000, 0x0000000089300000, 0x0000000089300000|100%| E|CS|TS  1|AC  0|TAMS 0x0000000089200000, 0x0000000089200000|
| 127|0x0000000089300000, 0x0000000089400000, 0x0000000089400000|100%| E|CS|TS  1|AC  0|TAMS 0x0000000089300000, 0x0000000089300000|

Card table byte_map: [0x0000027f7ba30000,0x0000027f7be30000] byte_map_base: 0x0000027f7b626000

Marking Bits (Prev, Next): (CMBitMap*) 0x0000027f70012550, (CMBitMap*) 0x0000027f70012588
 Prev Bits: [0x0000027f7c230000, 0x0000027f7e1e0000)
 Next Bits: [0x0000027f0f000000, 0x0000027f10fb0000)

Polling page: 0x0000027f6dd30000

CodeHeap 'non-profiled nmethods': size=120000Kb used=508Kb max_used=508Kb free=119492Kb
 bounds [0x0000027f07ad0000, 0x0000027f07d40000, 0x0000027f0f000000]
CodeHeap 'profiled nmethods': size=120000Kb used=2277Kb max_used=2277Kb free=117722Kb
 bounds [0x0000027f005a0000, 0x0000027f00810000, 0x0000027f07ad0000]
CodeHeap 'non-nmethods': size=5760Kb used=1229Kb max_used=1247Kb free=4531Kb
 bounds [0x0000027f00000000, 0x0000027f00270000, 0x0000027f005a0000]
 total_blobs=2176 nmethods=1319 adapters=523
 compilation: enabled

Compilation events (10 events):
Event: 2.097 Thread 0x0000027f7f5be000 nmethod 1314 0x0000027f007d4a10 code [0x0000027f007d4c60, 0x0000027f007d53f0]
Event: 2.099 Thread 0x0000027f7f5be000 1315   !   3       java.util.zip.ZipFile$Source::readFullyAt (74 bytes)
Event: 2.099 Thread 0x0000027f7f5be000 nmethod 1315 0x0000027f007d5790 code [0x0000027f007d59a0, 0x0000027f007d6070]
Event: 2.100 Thread 0x0000027f7f5be000 1316       3       java.util.ArrayDeque::pollFirst (36 bytes)
Event: 2.100 Thread 0x0000027f7f5be000 nmethod 1316 0x0000027f007d6410 code [0x0000027f007d65e0, 0x0000027f007d6a38]
Event: 2.102 Thread 0x0000027f7f5be000 1317       3       java.util.WeakHashMap::put (162 bytes)
Event: 2.102 Thread 0x0000027f7f5be000 nmethod 1317 0x0000027f007d6c10 code [0x0000027f007d6ea0, 0x0000027f007d7ea0]
Event: 2.108 Thread 0x0000027f7f5be000 1318       3       java.security.CodeSource::<init> (52 bytes)
Event: 2.109 Thread 0x0000027f7f5be000 nmethod 1318 0x0000027f007d8390 code [0x0000027f007d8580, 0x0000027f007d8b60]
Event: 2.109 Thread 0x0000027f7f5be000 1319       3       java.security.SecureClassLoader::getProtectionDomain (38 bytes)

GC Heap History (2 events):
Event: 1.996 GC heap before
{Heap before GC invocations=0 (full 0):
 garbage-first heap   total 131072K, used 25600K [0x0000000081400000, 0x0000000100000000)
  region size 1024K, 24 young (24576K), 0 survivors (0K)
 Metaspace       used 18105K, capacity 18529K, committed 18816K, reserved 1067008K
  class space    used 1920K, capacity 2145K, committed 2176K, reserved 1048576K
}
Event: 2.000 GC heap after
{Heap after GC invocations=1 (full 0):
 garbage-first heap   total 131072K, used 5648K [0x0000000081400000, 0x0000000100000000)
  region size 1024K, 3 young (3072K), 3 survivors (3072K)
 Metaspace       used 18105K, capacity 18529K, committed 18816K, reserved 1067008K
  class space    used 1920K, capacity 2145K, committed 2176K, reserved 1048576K
}

Deoptimization events (5 events):
Event: 0.074 Thread 0x0000027f6ff6f800 Uncommon trap: reason=unstable_if action=reinterpret pc=0x0000027f07ad42f0 method=java.lang.String.hashCode()I @ 14 c2
Event: 0.284 Thread 0x0000027f6ff6f800 Uncommon trap: reason=unstable_if action=reinterpret pc=0x0000027f07aef818 method=java.lang.StringLatin1.replace([BCC)Ljava/lang/String; @ 19 c2
Event: 0.477 Thread 0x0000027f7f7b2000 Uncommon trap: reason=unstable_if action=reinterpret pc=0x0000027f07afd3ec method=jdk.internal.org.objectweb.asm.Type.getArgumentsAndReturnSizes(Ljava/lang/String;)I @ 88 c2
Event: 2.005 Thread 0x0000027f7f7b2000 Uncommon trap: reason=unstable_if action=reinterpret pc=0x0000027f07b130bc method=java.lang.ref.ReferenceQueue.poll()Ljava/lang/ref/Reference; @ 4 c2
Event: 2.005 Thread 0x0000027f7f7b2000 Uncommon trap: reason=unstable_if action=reinterpret pc=0x0000027f07b04ff8 method=java.lang.ref.ReferenceQueue.poll()Ljava/lang/ref/Reference; @ 4 c2

Classes redefined (0 events):
No events

Internal exceptions (10 events):
Event: 0.356 Thread 0x0000027f6ff6f800 Exception <a 'java/lang/NoSuchMethodError'{0x0000000088960058}: java.lang.invoke.DirectMethodHandle$Holder.invokeStatic(Ljava/lang/Object;Ljava/lang/Object;Ljava/lang/Object;Ljava/lang/Object;Ljava/lang/Object;Ljava/lang/Object;Ljava/lang/Object;Ljava/lan
Event: 0.358 Thread 0x0000027f6ff6f800 Exception <a 'java/lang/NoSuchMethodError'{0x0000000088981740}: java.lang.invoke.DirectMethodHandle$Holder.invokeStatic(Ljava/lang/Object;Ljava/lang/Object;Ljava/lang/Object;Ljava/lang/Object;Ljava/lang/Object;Ljava/lang/Object;Ljava/lang/Object;Ljava/lan
Event: 0.359 Thread 0x0000027f6ff6f800 Exception <a 'java/lang/NoSuchMethodError'{0x00000000889a4600}: java.lang.invoke.DirectMethodHandle$Holder.invokeStatic(Ljava/lang/Object;Ljava/lang/Object;Ljava/lang/Object;Ljava/lang/Object;Ljava/lang/Object;Ljava/lang/Object;Ljava/lang/Object;Ljava/lan
Event: 0.400 Thread 0x0000027f6ff6f800 Exception <a 'java/lang/NoSuchMethodError'{0x000000008881d390}: java.lang.invoke.DirectMethodHandle$Holder.invokeStaticInit(Ljava/lang/Object;)V> (0x000000008881d390) thrown at [t:/workspace/open/src/hotspot/share/interpreter/linkResolver.cpp, line 741]
Event: 0.478 Thread 0x0000027f7f7b2000 Exception <a 'java/lang/NoSuchMethodError'{0x0000000088725ed0}: java.lang.Object.lambda$union$2(Ljava/util/regex/Pattern$CharPredicate;I)Z> (0x0000000088725ed0) thrown at [t:/workspace/open/src/hotspot/share/interpreter/linkResolver.cpp, line 741]
Event: 1.955 Thread 0x0000027f7f7b2000 Exception <a 'java/lang/NoSuchMethodError'{0x0000000087dd7eb0}: java.lang.Object.lambda$negate$3(I)Z> (0x0000000087dd7eb0) thrown at [t:/workspace/open/src/hotspot/share/interpreter/linkResolver.cpp, line 741]
Event: 2.072 Thread 0x0000027f7f7b2000 Exception <a 'java/lang/NoSuchMethodError'{0x00000000891bcf78}: method resolution failed> (0x00000000891bcf78) thrown at [t:/workspace/open/src/hotspot/share/prims/methodHandles.cpp, line 1226]
Event: 2.073 Thread 0x0000027f7f7b2000 Exception <a 'java/lang/NoSuchMethodError'{0x00000000891c5de8}: java.lang.invoke.DirectMethodHandle$Holder.invokeStatic(Ljava/lang/Object;Ljava/lang/Object;)I> (0x00000000891c5de8) thrown at [t:/workspace/open/src/hotspot/share/interpreter/linkResolver.cp
Event: 2.093 Thread 0x0000027f7f7b2000 Exception <a 'java/lang/NoSuchMethodError'{0x00000000890b17e8}: java.lang.invoke.DirectMethodHandle$Holder.invokeInterface(Ljava/lang/Object;Ljava/lang/Object;)Ljava/lang/Object;> (0x00000000890b17e8) thrown at [t:/workspace/open/src/hotspot/share/interpr
Event: 2.095 Thread 0x0000027f7f7b2000 Exception <a 'java/lang/NoSuchMethodError'{0x00000000890ba758}: java.lang.invoke.DirectMethodHandle$Holder.invokeInterface(Ljava/lang/Object;Ljava/lang/Object;Ljava/lang/Object;)I> (0x00000000890ba758) thrown at [t:/workspace/open/src/hotspot/share/interp

Events (10 events):
Event: 2.100 loading class com/digitalpersona/onetouch/jni/FeatureExtractionLibrary
Event: 2.100 loading class com/digitalpersona/onetouch/jni/FeatureExtractionLibrary done
Event: 2.101 loading class com/digitalpersona/onetouch/DPFPCaptureFeedback
Event: 2.101 loading class com/digitalpersona/onetouch/DPFPCaptureFeedback done
Event: 2.108 loading class com/digitalpersona/onetouch/jni/FeatureExtractionResult
Event: 2.108 loading class com/digitalpersona/onetouch/jni/FeatureExtractionResult done
Event: 2.108 loading class com/digitalpersona/onetouch/_impl/DPFPFeatureSetFactoryImpl$FeatureSetImpl
Event: 2.108 loading class com/digitalpersona/onetouch/_impl/DPFPFeatureSetFactoryImpl$FeatureSetImpl done
Event: 2.108 loading class com/digitalpersona/onetouch/_impl/DPFPTemplateFactoryImpl$TemplateImpl
Event: 2.108 loading class com/digitalpersona/onetouch/_impl/DPFPTemplateFactoryImpl$TemplateImpl done


Dynamic libraries:
0x00007ff6b52e0000 - 0x00007ff6b531e000 	C:\Program Files\Java\jdk-10.0.2\bin\javaw.exe
0x00007ffa49dc0000 - 0x00007ffa49fad000 	C:\Windows\SYSTEM32\ntdll.dll
0x00007ffa47380000 - 0x00007ffa47433000 	C:\Windows\System32\KERNEL32.DLL
0x00007ffa46c50000 - 0x00007ffa46ee3000 	C:\Windows\System32\KERNELBASE.dll
0x00007ffa49850000 - 0x00007ffa498f3000 	C:\Windows\System32\ADVAPI32.dll
0x00007ffa499d0000 - 0x00007ffa49a6e000 	C:\Windows\System32\msvcrt.dll
0x00007ffa48c40000 - 0x00007ffa48cde000 	C:\Windows\System32\sechost.dll
0x00007ffa491d0000 - 0x00007ffa492f2000 	C:\Windows\System32\RPCRT4.dll
0x00007ffa47160000 - 0x00007ffa472f7000 	C:\Windows\System32\USER32.dll
0x00007ffa46980000 - 0x00007ffa469a0000 	C:\Windows\System32\win32u.dll
0x00007ffa48b40000 - 0x00007ffa48b69000 	C:\Windows\System32\GDI32.dll
0x00007ffa45e90000 - 0x00007ffa4602a000 	C:\Windows\System32\gdi32full.dll
0x00007ffa46030000 - 0x00007ffa460d0000 	C:\Windows\System32\msvcp_win.dll
0x00007ffa46ef0000 - 0x00007ffa46fea000 	C:\Windows\System32\ucrtbase.dll
0x00007ffa34da0000 - 0x00007ffa35019000 	C:\Windows\WinSxS\amd64_microsoft.windows.common-controls_6595b64144ccf1df_6.0.17763.475_none_05b43ca607202c6c\COMCTL32.dll
0x00007ffa3f270000 - 0x00007ffa3f27a000 	C:\Windows\SYSTEM32\VERSION.dll
0x00007ffa48cf0000 - 0x00007ffa4901c000 	C:\Windows\System32\combase.dll
0x00007ffa46100000 - 0x00007ffa4617e000 	C:\Windows\System32\bcryptPrimitives.dll
0x00007ffa49a70000 - 0x00007ffa49a9e000 	C:\Windows\System32\IMM32.DLL
0x00007ffa23930000 - 0x00007ffa23a1f000 	C:\Program Files\Java\jdk-10.0.2\bin\msvcr120.dll
0x00007ffa147d0000 - 0x00007ffa14876000 	C:\Program Files\Java\jdk-10.0.2\bin\msvcp120.dll
0x000000005f2a0000 - 0x000000005fd10000 	C:\Program Files\Java\jdk-10.0.2\bin\server\jvm.dll
0x00007ffa46ff0000 - 0x00007ffa46ff8000 	C:\Windows\System32\PSAPI.DLL
0x00007ffa2e810000 - 0x00007ffa2e819000 	C:\Windows\SYSTEM32\WSOCK32.dll
0x00007ffa43880000 - 0x00007ffa438a4000 	C:\Windows\SYSTEM32\WINMM.dll
0x00007ffa48bd0000 - 0x00007ffa48c3d000 	C:\Windows\System32\WS2_32.dll
0x00007ffa43850000 - 0x00007ffa4387d000 	C:\Windows\SYSTEM32\WINMMBASE.dll
0x00007ffa469c0000 - 0x00007ffa46a0a000 	C:\Windows\System32\cfgmgr32.dll
0x00007ffa43940000 - 0x00007ffa4394f000 	C:\Program Files\Java\jdk-10.0.2\bin\verify.dll
0x00007ffa447c0000 - 0x00007ffa449ad000 	C:\Windows\SYSTEM32\DBGHELP.DLL
0x00007ffa2e6d0000 - 0x00007ffa2e6fa000 	C:\Windows\SYSTEM32\dbgcore.DLL
0x00007ffa25f00000 - 0x00007ffa25f27000 	C:\Program Files\Java\jdk-10.0.2\bin\java.dll
0x00007ffa25ee0000 - 0x00007ffa25ef6000 	C:\Program Files\Java\jdk-10.0.2\bin\zip.dll
0x00007ffa2be60000 - 0x00007ffa2be6a000 	C:\Program Files\Java\jdk-10.0.2\bin\jimage.dll
0x00007ffa47440000 - 0x00007ffa48930000 	C:\Windows\System32\SHELL32.dll
0x00007ffa47000000 - 0x00007ffa470a8000 	C:\Windows\System32\shcore.dll
0x00007ffa46180000 - 0x00007ffa468ca000 	C:\Windows\System32\windows.storage.dll
0x00007ffa45e40000 - 0x00007ffa45e64000 	C:\Windows\System32\profapi.dll
0x00007ffa45de0000 - 0x00007ffa45e3d000 	C:\Windows\System32\powrprof.dll
0x00007ffa48930000 - 0x00007ffa48982000 	C:\Windows\System32\shlwapi.dll
0x00007ffa45dc0000 - 0x00007ffa45dd1000 	C:\Windows\System32\kernel.appcore.dll
0x00007ffa469a0000 - 0x00007ffa469b7000 	C:\Windows\System32\cryptsp.dll
0x00007ffa25870000 - 0x00007ffa2588a000 	C:\Program Files\Java\jdk-10.0.2\bin\net.dll
0x00007ffa402c0000 - 0x00007ffa403b1000 	C:\Windows\SYSTEM32\WINHTTP.dll
0x00007ffa45640000 - 0x00007ffa456a7000 	C:\Windows\system32\mswsock.dll
0x00007ffa1d2d0000 - 0x00007ffa1d2e1000 	C:\Program Files\Java\jdk-10.0.2\bin\nio.dll
0x00007ffa11a80000 - 0x00007ffa11c1b000 	C:\Program Files\Java\jdk-10.0.2\bin\awt.dll
0x00007ffa49900000 - 0x00007ffa499c4000 	C:\Windows\System32\OLEAUT32.dll
0x00007ffa42b10000 - 0x00007ffa430ce000 	C:\Windows\SYSTEM32\d2d1.dll
0x00007ffa43b70000 - 0x00007ffa43bfc000 	C:\Windows\SYSTEM32\apphelp.dll
0x00007ffa44140000 - 0x00007ffa4416e000 	C:\Windows\system32\DWMAPI.DLL
0x00007ffa46a70000 - 0x00007ffa46c4b000 	C:\Windows\System32\CRYPT32.dll
0x00007ffa45e70000 - 0x00007ffa45e82000 	C:\Windows\System32\MSASN1.dll
0x00007ffa44070000 - 0x00007ffa4410c000 	C:\Windows\system32\uxtheme.dll
0x00007ffa30110000 - 0x00007ffa30237000 	C:\Windows\system32\opengl32.dll
0x00007ffa362c0000 - 0x00007ffa362ec000 	C:\Windows\SYSTEM32\GLU32.dll
0x00007ffa49ac0000 - 0x00007ffa49c2a000 	C:\Windows\System32\MSCTF.dll
0x00007ffa49c30000 - 0x00007ffa49d85000 	C:\Windows\System32\ole32.dll
0x00007ffa16b40000 - 0x00007ffa16ba5000 	C:\Program Files\Java\jdk-10.0.2\bin\fontmanager.dll
0x00007ffa162c0000 - 0x00007ffa16302000 	C:\Program Files\Java\jdk-10.0.2\bin\t2k.dll
0x00007ffa470b0000 - 0x00007ffa47152000 	C:\Windows\System32\clbcatq.dll
0x00007ffa3d900000 - 0x00007ffa3dab8000 	C:\Windows\SYSTEM32\WindowsCodecs.dll
0x00007ffa35c70000 - 0x00007ffa35cc6000 	C:\Windows\system32\dataexchange.dll
0x00007ffa427d0000 - 0x00007ffa42a4e000 	C:\Windows\system32\d3d11.dll
0x00007ffa430d0000 - 0x00007ffa43293000 	C:\Windows\system32\dcomp.dll
0x00007ffa44c10000 - 0x00007ffa44cd2000 	C:\Windows\system32\dxgi.dll
0x00007ffa44220000 - 0x00007ffa4442d000 	C:\Windows\system32\twinapi.appcore.dll
0x00007ffa44430000 - 0x00007ffa44458000 	C:\Windows\system32\RMCLIENT.dll
0x0000000010000000 - 0x000000001000a000 	C:\Windows\System32\otmcjni.dll
0x00007ffa16280000 - 0x00007ffa162b2000 	C:\Windows\SYSTEM32\dpHMatch.dll
0x00000000612c0000 - 0x0000000061389000 	C:\Windows\WinSxS\amd64_microsoft.vc80.crt_1fc8b3b9a1e18e3b_8.0.50727.9554_none_88e038cb2fae7c50\MSVCR80.dll
0x00007ffa3fb30000 - 0x00007ffa3fbc5000 	C:\Windows\System32\TextInputFramework.dll
0x00007ffa43610000 - 0x00007ffa436f2000 	C:\Windows\System32\CoreMessaging.dll
0x00007ffa3e290000 - 0x00007ffa3e5b2000 	C:\Windows\System32\CoreUIComponents.dll
0x00007ffa44e80000 - 0x00007ffa44eb1000 	C:\Windows\SYSTEM32\ntmarta.dll
0x00007ffa41860000 - 0x00007ffa419b3000 	C:\Windows\SYSTEM32\wintypes.dll
0x0000000000c40000 - 0x0000000000c4e000 	C:\Windows\System32\otdpfpjni.dll
0x0000000061700000 - 0x0000000061809000 	C:\Windows\WinSxS\amd64_microsoft.vc80.crt_1fc8b3b9a1e18e3b_8.0.50727.9554_none_88e038cb2fae7c50\MSVCP80.dll
0x0000000000c50000 - 0x0000000000cd7000 	C:\Windows\SYSTEM32\DPFPApi.DLL
0x0000000000ce0000 - 0x0000000000d39000 	C:\Windows\system32\DPCLBACK.dll
0x00007ffa2e660000 - 0x00007ffa2e677000 	C:\Windows\SYSTEM32\NETAPI32.dll
0x00007ffa454b0000 - 0x00007ffa454be000 	C:\Windows\SYSTEM32\NETUTILS.DLL
0x00007ffa16020000 - 0x00007ffa1609e000 	C:\Program Files\Java\jdk-10.0.2\bin\mlib_image.dll
0x00007ffa453e0000 - 0x00007ffa454a6000 	C:\Windows\SYSTEM32\DNSAPI.dll
0x00007ffa493c0000 - 0x00007ffa493c8000 	C:\Windows\System32\NSI.dll
0x00007ffa453a0000 - 0x00007ffa453dd000 	C:\Windows\SYSTEM32\IPHLPAPI.DLL
0x00007ffa3c2c0000 - 0x00007ffa3c2ca000 	C:\Windows\System32\rasadhlp.dll
0x00007ffa36470000 - 0x00007ffa364e9000 	C:\Windows\System32\fwpuclnt.dll
0x00007ffa460d0000 - 0x00007ffa460f6000 	C:\Windows\System32\bcrypt.dll
0x0000000000d40000 - 0x0000000000d49000 	C:\Windows\System32\otfxjni.dll
0x00007ffa23910000 - 0x00007ffa2392f000 	C:\Windows\SYSTEM32\dpHFtrEx.dll

dbghelp: loaded successfully - version: 4.0.5 - missing functions: none
symbol engine: initialized successfully - sym options: 0x614 - pdb path: .;C:\Program Files\Java\jdk-10.0.2\bin;C:\Windows\SYSTEM32;C:\Windows\WinSxS\amd64_microsoft.windows.common-controls_6595b64144ccf1df_6.0.17763.475_none_05b43ca607202c6c;C:\Program Files\Java\jdk-10.0.2\bin\server;C:\Windows\WinSxS\amd64_microsoft.vc80.crt_1fc8b3b9a1e18e3b_8.0.50727.9554_none_88e038cb2fae7c50

VM Arguments:
jvm_args: -Dfile.encoding=Cp1252 
java_command: principal.Principal auth-2
java_class_path (initial): C:\Users\iuryl\eclipse-workspace\bioreader\target\classes;C:\Users\iuryl\eclipse-workspace\bioreader\jgoodies-forms-1.8.0.jar;C:\Users\iuryl\eclipse-workspace\bioreader\src\sdk\dpfpenrollment.jar;C:\Users\iuryl\eclipse-workspace\bioreader\src\sdk\dpfpverification.jar;C:\Users\iuryl\eclipse-workspace\bioreader\src\sdk\dpotapi.jar;C:\Users\iuryl\eclipse-workspace\bioreader\src\sdk\dpotjni.jar;C:\Users\iuryl\.m2\repository\mysql\mysql-connector-java\8.0.13\mysql-connector-java-8.0.13.jar;C:\Users\iuryl\.m2\repository\com\google\protobuf\protobuf-java\3.6.1\protobuf-java-3.6.1.jar;C:\Users\iuryl\.m2\repository\org\postgresql\postgresql\42.2.2\postgresql-42.2.2.jar
Launcher Type: SUN_STANDARD

Logging:
Log output configuration:
#0: stdout all=warning uptime,level,tags
#1: stderr all=off uptime,level,tags

Environment Variables:
JAVA_HOME=C:\Program Files\Java\jdk-10.0.2
CLASSPATH=C:\Program Files\Java\jdk-10.0.2
PATH=C:/Program Files/Java/jre1.8.0_211/bin/server;C:/Program Files/Java/jre1.8.0_211/bin;C:/Program Files/Java/jre1.8.0_211/lib/amd64;C:\Program Files (x86)\Common Files\Oracle\Java\javapath;C:\Windows\system32;C:\Windows;C:\Windows\System32\Wbem;C:\Windows\System32\WindowsPowerShell\v1.0\;C:\Windows\System32\OpenSSH\;C:\Program Files\dotnet\;C:\Program Files\Java\jdk-10.0.2\bin;C:\Program Files\PuTTY\;C:\Users\iuryl\AppData\Local\Microsoft\WindowsApps;;G:\FACUL\Topicos 2\eclipse;
USERNAME=iuryl
OS=Windows_NT
PROCESSOR_IDENTIFIER=Intel64 Family 6 Model 142 Stepping 10, GenuineIntel



---------------  S Y S T E M  ---------------

OS: Windows 10 , 64 bit Build 17763 (10.0.17763.475)

CPU:total 8 (initial active 8) (4 cores per cpu, 2 threads per core) family 6 model 142 stepping 10, cmov, cx8, fxsr, mmx, sse, sse2, sse3, ssse3, sse4.1, sse4.2, popcnt, avx, avx2, aes, clmul, erms, 3dnowpref, lzcnt, ht, tsc, tscinvbit, bmi1, bmi2, adx, fma

Memory: 4k page, physical 8300912k(2710796k free), swap 15116656k(7302300k free)

vm_info: Java HotSpot(TM) 64-Bit Server VM (10.0.2+13) for windows-amd64 JRE (10.0.2+13), built on Jun 28 2018 01:57:56 by "mach5one" with MS VC++ 12.0 (VS2013)

END.
